Copyright 1986-2017 Xilinx, Inc. All Rights Reserved.
------------------------------------------------------------------------------------
| Tool Version : Vivado v.2017.4 (win64) Build 2086221 Fri Dec 15 20:55:39 MST 2017
| Date         : Mon Feb 26 11:05:00 2018
| Host         : DESKTOP-3TOAJO0 running 64-bit major release  (build 9200)
| Command      : upgrade_ip
| Device       : xc7z010clg400-1
------------------------------------------------------------------------------------

Upgrade Log for IP 'RAM'

1. Summary
----------

SUCCESS in the upgrade of RAM from xilinx.com:ip:blk_mem_gen:8.3 (Rev. 5) to xilinx.com:ip:blk_mem_gen:8.4 (Rev. 1)






Copyright 1986-2017 Xilinx, Inc. All Rights Reserved.
------------------------------------------------------------------------------------
| Tool Version : Vivado v.2017.4 (win64) Build 2086221 Fri Dec 15 20:55:39 MST 2017
| Date         : Mon Feb 26 11:04:53 2018
| Host         : DESKTOP-3TOAJO0 running 64-bit major release  (build 9200)
| Command      : upgrade_ip
| Device       : xc7z010clg400-1
------------------------------------------------------------------------------------

Upgrade Log for IP 'Adder_Subtractor'

1. Summary
----------

SUCCESS in the upgrade of Adder_Subtractor (xilinx.com:ip:c_addsub:12.0) from (Rev. 10) to (Rev. 11)

