11:54:15 INFO  : Registering command handlers for SDK TCF services
11:54:16 INFO  : Launching XSCT server: xsct.bat -interactive C:\Users\Bruno\project_6\project_6.sdk\temp_xsdb_launch_script.tcl
11:54:19 INFO  : XSCT server has started successfully.
11:54:19 INFO  : Successfully done setting XSCT server connection channel  
11:54:21 INFO  : Processing command line option -hwspec C:/Users/Bruno/project_6/project_6.sdk/design_1_wrapper.hdf.
11:54:21 INFO  : Successfully done setting SDK workspace  
12:07:51 INFO  : 'targets -set -filter {jtag_cable_name =~ "Digilent Zybo Z7 210351A77CA6A" && level==0} -index 1' command is executed.
12:07:51 INFO  : 'fpga -state' command is executed.
12:07:57 INFO  : Connected to target on host '127.0.0.1' and port '3121'.
12:07:57 INFO  : Jtag cable 'Digilent Zybo Z7 210351A77CA6A' is selected.
12:07:57 INFO  : 'jtag frequency' command is executed.
12:07:57 INFO  : Sourcing of 'C:/Users/Bruno/project_6/project_6.sdk/design_1_wrapper_hw_platform_0/ps7_init.tcl' is done.
12:07:58 INFO  : Context for 'APU' is selected.
12:07:58 INFO  : Hardware design information is loaded from 'C:/Users/Bruno/project_6/project_6.sdk/design_1_wrapper_hw_platform_0/system.hdf'.
12:07:58 INFO  : 'configparams force-mem-access 1' command is executed.
12:07:58 INFO  : Context for 'APU' is selected.
12:07:59 INFO  : 'stop' command is executed.
12:07:59 INFO  : 'ps7_init' command is executed.
12:07:59 INFO  : 'ps7_post_config' command is executed.
12:08:00 INFO  : Context for processor 'ps7_cortexa9_0' is selected.
12:08:00 INFO  : Processor reset is completed for 'ps7_cortexa9_0'.
12:08:00 INFO  : Context for processor 'ps7_cortexa9_0' is selected.
12:08:00 INFO  : The application 'C:/Users/Bruno/project_6/project_6.sdk/leds/Debug/leds.elf' is downloaded to processor 'ps7_cortexa9_0'.
12:08:00 INFO  : 'configparams force-mem-access 0' command is executed.
12:08:00 INFO  : ----------------XSDB Script----------------
connect -url tcp:127.0.0.1:3121
source C:/Users/Bruno/project_6/project_6.sdk/design_1_wrapper_hw_platform_0/ps7_init.tcl
targets -set -nocase -filter {name =~"APU*" && jtag_cable_name =~ "Digilent Zybo Z7 210351A77CA6A"} -index 0
loadhw -hw C:/Users/Bruno/project_6/project_6.sdk/design_1_wrapper_hw_platform_0/system.hdf -mem-ranges [list {0x40000000 0xbfffffff}]
configparams force-mem-access 1
targets -set -nocase -filter {name =~"APU*" && jtag_cable_name =~ "Digilent Zybo Z7 210351A77CA6A"} -index 0
stop
ps7_init
ps7_post_config
targets -set -nocase -filter {name =~ "ARM*#0" && jtag_cable_name =~ "Digilent Zybo Z7 210351A77CA6A"} -index 0
rst -processor
targets -set -nocase -filter {name =~ "ARM*#0" && jtag_cable_name =~ "Digilent Zybo Z7 210351A77CA6A"} -index 0
dow C:/Users/Bruno/project_6/project_6.sdk/leds/Debug/leds.elf
configparams force-mem-access 0
----------------End of Script----------------

12:08:00 INFO  : Memory regions updated for context APU
12:08:00 INFO  : Context for processor 'ps7_cortexa9_0' is selected.
12:08:00 INFO  : 'con' command is executed.
12:08:00 INFO  : ----------------XSDB Script (After Launch)----------------
targets -set -nocase -filter {name =~ "ARM*#0" && jtag_cable_name =~ "Digilent Zybo Z7 210351A77CA6A"} -index 0
con
----------------End of Script----------------

12:08:00 INFO  : Launch script is exported to file 'C:\Users\Bruno\project_6\project_6.sdk\.sdk\launch_scripts\xilinx_c-c++_application_(system_debugger)\system_debugger_using_debug_leds.elf_on_local.tcl'
12:08:25 INFO  : Connected to target on host '127.0.0.1' and port '3121'.
12:08:25 INFO  : 'targets -set -filter {jtag_cable_name =~ "Digilent Zybo Z7 210351A77CA6A" && level==0} -index 1' command is executed.
12:08:27 INFO  : FPGA configured successfully with bitstream "C:/Users/Bruno/project_6/project_6.sdk/design_1_wrapper_hw_platform_0/design_1_wrapper.bit"
12:08:32 INFO  : Disconnected from the channel tcfchan#1.
12:08:33 INFO  : 'targets -set -filter {jtag_cable_name =~ "Digilent Zybo Z7 210351A77CA6A" && level==0} -index 1' command is executed.
12:08:33 INFO  : 'fpga -state' command is executed.
12:08:33 INFO  : Connected to target on host '127.0.0.1' and port '3121'.
12:08:33 INFO  : Jtag cable 'Digilent Zybo Z7 210351A77CA6A' is selected.
12:08:33 INFO  : 'jtag frequency' command is executed.
12:08:33 INFO  : Sourcing of 'C:/Users/Bruno/project_6/project_6.sdk/design_1_wrapper_hw_platform_0/ps7_init.tcl' is done.
12:08:33 INFO  : Context for 'APU' is selected.
12:08:35 INFO  : Hardware design information is loaded from 'C:/Users/Bruno/project_6/project_6.sdk/design_1_wrapper_hw_platform_0/system.hdf'.
12:08:35 INFO  : 'configparams force-mem-access 1' command is executed.
12:08:35 INFO  : Context for 'APU' is selected.
12:08:35 INFO  : 'stop' command is executed.
12:08:35 INFO  : 'ps7_init' command is executed.
12:08:35 INFO  : 'ps7_post_config' command is executed.
12:08:35 INFO  : Context for processor 'ps7_cortexa9_0' is selected.
12:08:35 INFO  : Processor reset is completed for 'ps7_cortexa9_0'.
12:08:35 INFO  : Context for processor 'ps7_cortexa9_0' is selected.
12:08:36 INFO  : The application 'C:/Users/Bruno/project_6/project_6.sdk/leds/Debug/leds.elf' is downloaded to processor 'ps7_cortexa9_0'.
12:08:36 INFO  : 'configparams force-mem-access 0' command is executed.
12:08:36 INFO  : ----------------XSDB Script----------------
connect -url tcp:127.0.0.1:3121
source C:/Users/Bruno/project_6/project_6.sdk/design_1_wrapper_hw_platform_0/ps7_init.tcl
targets -set -nocase -filter {name =~"APU*" && jtag_cable_name =~ "Digilent Zybo Z7 210351A77CA6A"} -index 0
loadhw -hw C:/Users/Bruno/project_6/project_6.sdk/design_1_wrapper_hw_platform_0/system.hdf -mem-ranges [list {0x40000000 0xbfffffff}]
configparams force-mem-access 1
targets -set -nocase -filter {name =~"APU*" && jtag_cable_name =~ "Digilent Zybo Z7 210351A77CA6A"} -index 0
stop
ps7_init
ps7_post_config
targets -set -nocase -filter {name =~ "ARM*#0" && jtag_cable_name =~ "Digilent Zybo Z7 210351A77CA6A"} -index 0
rst -processor
targets -set -nocase -filter {name =~ "ARM*#0" && jtag_cable_name =~ "Digilent Zybo Z7 210351A77CA6A"} -index 0
dow C:/Users/Bruno/project_6/project_6.sdk/leds/Debug/leds.elf
configparams force-mem-access 0
----------------End of Script----------------

12:08:36 INFO  : Memory regions updated for context APU
12:08:36 INFO  : Context for processor 'ps7_cortexa9_0' is selected.
12:08:36 INFO  : 'con' command is executed.
12:08:36 INFO  : ----------------XSDB Script (After Launch)----------------
targets -set -nocase -filter {name =~ "ARM*#0" && jtag_cable_name =~ "Digilent Zybo Z7 210351A77CA6A"} -index 0
con
----------------End of Script----------------

12:08:36 INFO  : Launch script is exported to file 'C:\Users\Bruno\project_6\project_6.sdk\.sdk\launch_scripts\xilinx_c-c++_application_(system_debugger)\system_debugger_using_debug_leds.elf_on_local.tcl'
12:09:06 INFO  : Disconnected from the channel tcfchan#2.
12:09:07 INFO  : 'targets -set -filter {jtag_cable_name =~ "Digilent Zybo Z7 210351A77CA6A" && level==0} -index 1' command is executed.
12:09:07 INFO  : 'fpga -state' command is executed.
12:09:07 INFO  : Connected to target on host '127.0.0.1' and port '3121'.
12:09:07 INFO  : Jtag cable 'Digilent Zybo Z7 210351A77CA6A' is selected.
12:09:07 INFO  : 'jtag frequency' command is executed.
12:09:07 INFO  : Sourcing of 'C:/Users/Bruno/project_6/project_6.sdk/design_1_wrapper_hw_platform_0/ps7_init.tcl' is done.
12:09:08 INFO  : Context for 'APU' is selected.
12:09:09 INFO  : Hardware design information is loaded from 'C:/Users/Bruno/project_6/project_6.sdk/design_1_wrapper_hw_platform_0/system.hdf'.
12:09:09 INFO  : 'configparams force-mem-access 1' command is executed.
12:09:09 INFO  : Context for 'APU' is selected.
12:09:09 INFO  : 'stop' command is executed.
12:09:09 INFO  : 'ps7_init' command is executed.
12:09:09 INFO  : 'ps7_post_config' command is executed.
12:09:10 INFO  : Context for processor 'ps7_cortexa9_0' is selected.
12:09:10 INFO  : Processor reset is completed for 'ps7_cortexa9_0'.
12:09:10 INFO  : Context for processor 'ps7_cortexa9_0' is selected.
12:09:10 INFO  : The application 'C:/Users/Bruno/project_6/project_6.sdk/leds/Debug/leds.elf' is downloaded to processor 'ps7_cortexa9_0'.
12:09:10 INFO  : 'configparams force-mem-access 0' command is executed.
12:09:10 INFO  : ----------------XSDB Script----------------
connect -url tcp:127.0.0.1:3121
source C:/Users/Bruno/project_6/project_6.sdk/design_1_wrapper_hw_platform_0/ps7_init.tcl
targets -set -nocase -filter {name =~"APU*" && jtag_cable_name =~ "Digilent Zybo Z7 210351A77CA6A"} -index 0
loadhw -hw C:/Users/Bruno/project_6/project_6.sdk/design_1_wrapper_hw_platform_0/system.hdf -mem-ranges [list {0x40000000 0xbfffffff}]
configparams force-mem-access 1
targets -set -nocase -filter {name =~"APU*" && jtag_cable_name =~ "Digilent Zybo Z7 210351A77CA6A"} -index 0
stop
ps7_init
ps7_post_config
targets -set -nocase -filter {name =~ "ARM*#0" && jtag_cable_name =~ "Digilent Zybo Z7 210351A77CA6A"} -index 0
rst -processor
targets -set -nocase -filter {name =~ "ARM*#0" && jtag_cable_name =~ "Digilent Zybo Z7 210351A77CA6A"} -index 0
dow C:/Users/Bruno/project_6/project_6.sdk/leds/Debug/leds.elf
configparams force-mem-access 0
----------------End of Script----------------

12:09:10 INFO  : Memory regions updated for context APU
12:09:10 INFO  : Context for processor 'ps7_cortexa9_0' is selected.
12:09:10 INFO  : 'con' command is executed.
12:09:10 INFO  : ----------------XSDB Script (After Launch)----------------
targets -set -nocase -filter {name =~ "ARM*#0" && jtag_cable_name =~ "Digilent Zybo Z7 210351A77CA6A"} -index 0
con
----------------End of Script----------------

12:09:10 INFO  : Launch script is exported to file 'C:\Users\Bruno\project_6\project_6.sdk\.sdk\launch_scripts\xilinx_c-c++_application_(system_debugger)\system_debugger_using_debug_leds.elf_on_local.tcl'
12:09:44 INFO  : Disconnected from the channel tcfchan#3.
12:09:45 INFO  : 'targets -set -filter {jtag_cable_name =~ "Digilent Zybo Z7 210351A77CA6A" && level==0} -index 1' command is executed.
12:09:45 INFO  : 'fpga -state' command is executed.
12:09:46 INFO  : Connected to target on host '127.0.0.1' and port '3121'.
12:09:46 INFO  : Jtag cable 'Digilent Zybo Z7 210351A77CA6A' is selected.
12:09:46 INFO  : 'jtag frequency' command is executed.
12:09:46 INFO  : Sourcing of 'C:/Users/Bruno/project_6/project_6.sdk/design_1_wrapper_hw_platform_0/ps7_init.tcl' is done.
12:09:46 INFO  : Context for 'APU' is selected.
12:09:47 INFO  : Hardware design information is loaded from 'C:/Users/Bruno/project_6/project_6.sdk/design_1_wrapper_hw_platform_0/system.hdf'.
12:09:48 INFO  : 'configparams force-mem-access 1' command is executed.
12:09:48 INFO  : Context for 'APU' is selected.
12:09:48 INFO  : 'stop' command is executed.
12:09:48 INFO  : 'ps7_init' command is executed.
12:09:48 INFO  : 'ps7_post_config' command is executed.
12:09:48 INFO  : Context for processor 'ps7_cortexa9_0' is selected.
12:09:48 INFO  : Processor reset is completed for 'ps7_cortexa9_0'.
12:09:48 INFO  : Context for processor 'ps7_cortexa9_0' is selected.
12:09:48 INFO  : The application 'C:/Users/Bruno/project_6/project_6.sdk/leds/Debug/leds.elf' is downloaded to processor 'ps7_cortexa9_0'.
12:09:48 INFO  : 'configparams force-mem-access 0' command is executed.
12:09:48 INFO  : ----------------XSDB Script----------------
connect -url tcp:127.0.0.1:3121
source C:/Users/Bruno/project_6/project_6.sdk/design_1_wrapper_hw_platform_0/ps7_init.tcl
targets -set -nocase -filter {name =~"APU*" && jtag_cable_name =~ "Digilent Zybo Z7 210351A77CA6A"} -index 0
loadhw -hw C:/Users/Bruno/project_6/project_6.sdk/design_1_wrapper_hw_platform_0/system.hdf -mem-ranges [list {0x40000000 0xbfffffff}]
configparams force-mem-access 1
targets -set -nocase -filter {name =~"APU*" && jtag_cable_name =~ "Digilent Zybo Z7 210351A77CA6A"} -index 0
stop
ps7_init
ps7_post_config
targets -set -nocase -filter {name =~ "ARM*#0" && jtag_cable_name =~ "Digilent Zybo Z7 210351A77CA6A"} -index 0
rst -processor
targets -set -nocase -filter {name =~ "ARM*#0" && jtag_cable_name =~ "Digilent Zybo Z7 210351A77CA6A"} -index 0
dow C:/Users/Bruno/project_6/project_6.sdk/leds/Debug/leds.elf
configparams force-mem-access 0
----------------End of Script----------------

12:09:48 INFO  : Memory regions updated for context APU
12:09:48 INFO  : Context for processor 'ps7_cortexa9_0' is selected.
12:09:48 INFO  : 'con' command is executed.
12:09:48 INFO  : ----------------XSDB Script (After Launch)----------------
targets -set -nocase -filter {name =~ "ARM*#0" && jtag_cable_name =~ "Digilent Zybo Z7 210351A77CA6A"} -index 0
con
----------------End of Script----------------

12:09:48 INFO  : Launch script is exported to file 'C:\Users\Bruno\project_6\project_6.sdk\.sdk\launch_scripts\xilinx_c-c++_application_(system_debugger)\system_debugger_using_debug_leds.elf_on_local.tcl'
12:11:35 INFO  : Disconnected from the channel tcfchan#4.
12:11:36 INFO  : 'targets -set -filter {jtag_cable_name =~ "Digilent Zybo Z7 210351A77CA6A" && level==0} -index 1' command is executed.
12:11:36 INFO  : 'fpga -state' command is executed.
12:11:36 INFO  : Connected to target on host '127.0.0.1' and port '3121'.
12:11:37 INFO  : Jtag cable 'Digilent Zybo Z7 210351A77CA6A' is selected.
12:11:37 INFO  : 'jtag frequency' command is executed.
12:11:37 INFO  : Sourcing of 'C:/Users/Bruno/project_6/project_6.sdk/design_1_wrapper_hw_platform_0/ps7_init.tcl' is done.
12:11:37 INFO  : Context for 'APU' is selected.
12:11:38 INFO  : Hardware design information is loaded from 'C:/Users/Bruno/project_6/project_6.sdk/design_1_wrapper_hw_platform_0/system.hdf'.
12:11:38 INFO  : 'configparams force-mem-access 1' command is executed.
12:11:38 INFO  : Context for 'APU' is selected.
12:11:38 INFO  : 'stop' command is executed.
12:11:39 INFO  : 'ps7_init' command is executed.
12:11:39 INFO  : 'ps7_post_config' command is executed.
12:11:39 INFO  : Context for processor 'ps7_cortexa9_0' is selected.
12:11:39 INFO  : Processor reset is completed for 'ps7_cortexa9_0'.
12:11:39 INFO  : Context for processor 'ps7_cortexa9_0' is selected.
12:11:39 INFO  : The application 'C:/Users/Bruno/project_6/project_6.sdk/leds/Debug/leds.elf' is downloaded to processor 'ps7_cortexa9_0'.
12:11:39 INFO  : 'configparams force-mem-access 0' command is executed.
12:11:39 INFO  : ----------------XSDB Script----------------
connect -url tcp:127.0.0.1:3121
source C:/Users/Bruno/project_6/project_6.sdk/design_1_wrapper_hw_platform_0/ps7_init.tcl
targets -set -nocase -filter {name =~"APU*" && jtag_cable_name =~ "Digilent Zybo Z7 210351A77CA6A"} -index 0
loadhw -hw C:/Users/Bruno/project_6/project_6.sdk/design_1_wrapper_hw_platform_0/system.hdf -mem-ranges [list {0x40000000 0xbfffffff}]
configparams force-mem-access 1
targets -set -nocase -filter {name =~"APU*" && jtag_cable_name =~ "Digilent Zybo Z7 210351A77CA6A"} -index 0
stop
ps7_init
ps7_post_config
targets -set -nocase -filter {name =~ "ARM*#0" && jtag_cable_name =~ "Digilent Zybo Z7 210351A77CA6A"} -index 0
rst -processor
targets -set -nocase -filter {name =~ "ARM*#0" && jtag_cable_name =~ "Digilent Zybo Z7 210351A77CA6A"} -index 0
dow C:/Users/Bruno/project_6/project_6.sdk/leds/Debug/leds.elf
configparams force-mem-access 0
----------------End of Script----------------

12:11:39 INFO  : Memory regions updated for context APU
12:11:39 INFO  : Context for processor 'ps7_cortexa9_0' is selected.
12:11:39 INFO  : 'con' command is executed.
12:11:39 INFO  : ----------------XSDB Script (After Launch)----------------
targets -set -nocase -filter {name =~ "ARM*#0" && jtag_cable_name =~ "Digilent Zybo Z7 210351A77CA6A"} -index 0
con
----------------End of Script----------------

12:11:39 INFO  : Launch script is exported to file 'C:\Users\Bruno\project_6\project_6.sdk\.sdk\launch_scripts\xilinx_c-c++_application_(system_debugger)\system_debugger_using_debug_leds.elf_on_local.tcl'
