Release 14.7 - xst P.20131013 (nt)
Copyright (c) 1995-2013 Xilinx, Inc.  All rights reserved.
--> Parameter TMPDIR set to xst/projnav.tmp


Total REAL time to Xst completion: 0.00 secs
Total CPU time to Xst completion: 0.09 secs
 
--> Parameter xsthdpdir set to xst


Total REAL time to Xst completion: 0.00 secs
Total CPU time to Xst completion: 0.09 secs
 
--> Reading design: offchip_memory.prj

TABLE OF CONTENTS
  1) Synthesis Options Summary
  2) HDL Compilation
  3) Design Hierarchy Analysis
  4) HDL Analysis
  5) HDL Synthesis
     5.1) HDL Synthesis Report
  6) Advanced HDL Synthesis
     6.1) Advanced HDL Synthesis Report
  7) Low Level Synthesis
  8) Partition Report
  9) Final Report
	9.1) Device utilization summary
	9.2) Partition Resource Summary
	9.3) TIMING REPORT


=========================================================================
*                      Synthesis Options Summary                        *
=========================================================================
---- Source Parameters
Input File Name                    : "offchip_memory.prj"
Input Format                       : mixed
Ignore Synthesis Constraint File   : NO

---- Target Parameters
Output File Name                   : "offchip_memory"
Output Format                      : NGC
Target Device                      : xc5vlx20t-2-ff323

---- Source Options
Top Module Name                    : offchip_memory
Automatic FSM Extraction           : YES
FSM Encoding Algorithm             : Auto
Safe Implementation                : No
FSM Style                          : LUT
RAM Extraction                     : Yes
RAM Style                          : Auto
ROM Extraction                     : Yes
Mux Style                          : Auto
Decoder Extraction                 : YES
Priority Encoder Extraction        : Yes
Shift Register Extraction          : YES
Logical Shifter Extraction         : YES
XOR Collapsing                     : YES
ROM Style                          : Auto
Mux Extraction                     : Yes
Resource Sharing                   : YES
Asynchronous To Synchronous        : NO
Use DSP Block                      : Auto
Automatic Register Balancing       : No

---- Target Options
LUT Combining                      : Off
Reduce Control Sets                : Off
Add IO Buffers                     : YES
Global Maximum Fanout              : 100000
Add Generic Clock Buffer(BUFG)     : 32
Register Duplication               : YES
Slice Packing                      : YES
Optimize Instantiated Primitives   : NO
Use Clock Enable                   : Auto
Use Synchronous Set                : Auto
Use Synchronous Reset              : Auto
Pack IO Registers into IOBs        : Auto
Equivalent register Removal        : YES

---- General Options
Optimization Goal                  : Speed
Optimization Effort                : 1
Power Reduction                    : NO
Keep Hierarchy                     : No
Netlist Hierarchy                  : As_Optimized
RTL Output                         : Yes
Global Optimization                : AllClockNets
Read Cores                         : YES
Write Timing Constraints           : NO
Cross Clock Analysis               : NO
Hierarchy Separator                : /
Bus Delimiter                      : <>
Case Specifier                     : Maintain
Slice Utilization Ratio            : 100
BRAM Utilization Ratio             : 100
DSP48 Utilization Ratio            : 100
Verilog 2001                       : YES
Auto BRAM Packing                  : NO
Slice Utilization Ratio Delta      : 5

=========================================================================


=========================================================================
*                          HDL Compilation                              *
=========================================================================
Compiling verilog file "rom.v" in library work
Compiling verilog file "offchip_memory.v" in library work
Module <rom> compiled
Module <offchip_memory> compiled
No errors in compilation
Analysis of file <"offchip_memory.prj"> succeeded.
 

=========================================================================
*                     Design Hierarchy Analysis                         *
=========================================================================
Analyzing hierarchy for module <offchip_memory> in library <work>.

Analyzing hierarchy for module <rom> in library <work>.


=========================================================================
*                            HDL Analysis                               *
=========================================================================
Analyzing top module <offchip_memory>.
Module <offchip_memory> is correct for synthesis.
 
Analyzing module <rom> in library <work>.
WARNING:Xst:2319 - "rom.v" line 35: Signal memory in initial block is partially initialized. The initialization will be ignored.
Module <rom> is correct for synthesis.
 

=========================================================================
*                           HDL Synthesis                               *
=========================================================================

Performing bidirectional port resolution...

Synthesizing Unit <rom>.
    Related source file is "rom.v".
WARNING:Xst:647 - Input <address<5:3>> is never used. This port will be preserved and left unconnected if it belongs to a top-level block or it belongs to a sub-block and the hierarchy of this sub-block is preserved.
WARNING:Xst:653 - Signal <memory> is used but never assigned. This sourceless signal will be automatically connected to value 0000000000000000000000000000000000000000000000000000000000000000.
    Found 64-bit register for signal <data>.
    Summary:
	inferred  64 D-type flip-flop(s).
Unit <rom> synthesized.


Synthesizing Unit <offchip_memory>.
    Related source file is "offchip_memory.v".
    Found 1-bit register for signal <en_temp>.
    Found 4-bit register for signal <lat_count>.
    Found 4-bit adder for signal <new_lat_count$addsub0000> created at line 60.
    Summary:
	inferred   5 D-type flip-flop(s).
	inferred   1 Adder/Subtractor(s).
Unit <offchip_memory> synthesized.


=========================================================================
HDL Synthesis Report

Macro Statistics
# Adders/Subtractors                                   : 1
 4-bit adder                                           : 1
# Registers                                            : 3
 1-bit register                                        : 1
 4-bit register                                        : 1
 64-bit register                                       : 1

=========================================================================

=========================================================================
*                       Advanced HDL Synthesis                          *
=========================================================================

INFO:Xst:2261 - The FF/Latch <data_0> in Unit <instruction_memory> is equivalent to the following 63 FFs/Latches, which will be removed : <data_1> <data_2> <data_3> <data_4> <data_5> <data_6> <data_7> <data_8> <data_9> <data_10> <data_11> <data_12> <data_13> <data_14> <data_15> <data_16> <data_17> <data_18> <data_19> <data_20> <data_21> <data_22> <data_23> <data_24> <data_25> <data_26> <data_27> <data_28> <data_29> <data_30> <data_31> <data_32> <data_33> <data_34> <data_35> <data_36> <data_37> <data_38> <data_39> <data_40> <data_41> <data_42> <data_43> <data_44> <data_45> <data_46> <data_47> <data_48> <data_49> <data_50> <data_51> <data_52> <data_53> <data_54> <data_55> <data_56> <data_57> <data_58> <data_59> <data_60> <data_61> <data_62> <data_63> 
WARNING:Xst:1710 - FF/Latch <data_0> (without init value) has a constant value of 0 in block <instruction_memory>. This FF/Latch will be trimmed during the optimization process.
WARNING:Xst:1898 - Due to constant pushing, FF/Latch <en_temp> is unconnected in block <offchip_memory>.
WARNING:Xst:2404 -  FFs/Latches <data<63:0>> (without init value) have a constant value of 0 in block <rom>.

=========================================================================
Advanced HDL Synthesis Report

Macro Statistics
# Adders/Subtractors                                   : 1
 4-bit adder                                           : 1
# Registers                                            : 5
 Flip-Flops                                            : 5

=========================================================================

=========================================================================
*                         Low Level Synthesis                           *
=========================================================================
WARNING:Xst:2677 - Node <en_temp> of sequential type is unconnected in block <offchip_memory>.

Optimizing unit <offchip_memory> ...

Mapping all equations...
Building and optimizing final netlist ...
Found area constraint ratio of 100 (+ 5) on block offchip_memory, actual ratio is 0.

Final Macro Processing ...

=========================================================================
Final Register Report

Macro Statistics
# Registers                                            : 4
 Flip-Flops                                            : 4

=========================================================================

=========================================================================
*                           Partition Report                            *
=========================================================================

Partition Implementation Status
-------------------------------

  No Partitions were found in this design.

-------------------------------

=========================================================================
*                            Final Report                               *
=========================================================================
Final Results
RTL Top Level Output File Name     : offchip_memory.ngr
Top Level Output File Name         : offchip_memory
Output Format                      : NGC
Optimization Goal                  : Speed
Keep Hierarchy                     : No

Design Statistics
# IOs                              : 74

Cell Usage :
# BELS                             : 6
#      GND                         : 1
#      LUT4                        : 4
#      LUT5                        : 1
# FlipFlops/Latches                : 4
#      FDR                         : 4
# Clock Buffers                    : 1
#      BUFGP                       : 1
# IO Buffers                       : 67
#      IBUF                        : 2
#      OBUF                        : 65
=========================================================================

Device utilization summary:
---------------------------

Selected Device : 5vlx20tff323-2 


Slice Logic Utilization: 
 Number of Slice Registers:               4  out of  12480     0%  
 Number of Slice LUTs:                    5  out of  12480     0%  
    Number used as Logic:                 5  out of  12480     0%  

Slice Logic Distribution: 
 Number of LUT Flip Flop pairs used:      9
   Number with an unused Flip Flop:       5  out of      9    55%  
   Number with an unused LUT:             4  out of      9    44%  
   Number of fully used LUT-FF pairs:     0  out of      9     0%  
   Number of unique control sets:         1

IO Utilization: 
 Number of IOs:                          74
 Number of bonded IOBs:                  68  out of    172    39%  

Specific Feature Utilization:
 Number of BUFG/BUFGCTRLs:                1  out of     32     3%  

---------------------------
Partition Resource Summary:
---------------------------

  No Partitions were found in this design.

---------------------------


=========================================================================
TIMING REPORT

NOTE: THESE TIMING NUMBERS ARE ONLY A SYNTHESIS ESTIMATE.
      FOR ACCURATE TIMING INFORMATION PLEASE REFER TO THE TRACE REPORT
      GENERATED AFTER PLACE-and-ROUTE.

Clock Information:
------------------
-----------------------------------+------------------------+-------+
Clock Signal                       | Clock buffer(FF name)  | Load  |
-----------------------------------+------------------------+-------+
clock                              | BUFGP                  | 4     |
-----------------------------------+------------------------+-------+

Asynchronous Control Signals Information:
----------------------------------------
No asynchronous control signals found in this design

Timing Summary:
---------------
Speed Grade: -2

   Minimum period: 1.162ns (Maximum Frequency: 860.363MHz)
   Minimum input arrival time before clock: 1.599ns
   Maximum output required time after clock: 3.592ns
   Maximum combinational path delay: No path found

Timing Detail:
--------------
All values displayed in nanoseconds (ns)

=========================================================================
Timing constraint: Default period analysis for Clock 'clock'
  Clock period: 1.162ns (frequency: 860.363MHz)
  Total number of paths / destination ports: 16 / 4
-------------------------------------------------------------------------
Delay:               1.162ns (Levels of Logic = 1)
  Source:            lat_count_3 (FF)
  Destination:       lat_count_0 (FF)
  Source Clock:      clock rising
  Destination Clock: clock rising

  Data Path: lat_count_3 to lat_count_0
                                Gate     Net
    Cell:in->out      fanout   Delay   Delay  Logical Name (Net Name)
    ----------------------------------------  ------------
     FDR:C->Q              5   0.396   0.680  lat_count_3 (lat_count_3)
     LUT5:I1->O            1   0.086   0.000  new_lat_count<0>1 (new_lat_count<0>)
     FDR:D                    -0.022          lat_count_0
    ----------------------------------------
    Total                      1.162ns (0.482ns logic, 0.680ns route)
                                       (41.5% logic, 58.5% route)

=========================================================================
Timing constraint: Default OFFSET IN BEFORE for Clock 'clock'
  Total number of paths / destination ports: 5 / 5
-------------------------------------------------------------------------
Offset:              1.599ns (Levels of Logic = 2)
  Source:            read_enable (PAD)
  Destination:       lat_count_0 (FF)
  Destination Clock: clock rising

  Data Path: read_enable to lat_count_0
                                Gate     Net
    Cell:in->out      fanout   Delay   Delay  Logical Name (Net Name)
    ----------------------------------------  ------------
     IBUF:I->O             1   0.694   0.819  read_enable_IBUF (read_enable_IBUF)
     LUT5:I0->O            1   0.086   0.000  new_lat_count<0>1 (new_lat_count<0>)
     FDR:D                    -0.022          lat_count_0
    ----------------------------------------
    Total                      1.599ns (0.780ns logic, 0.819ns route)
                                       (48.8% logic, 51.2% route)

=========================================================================
Timing constraint: Default OFFSET OUT AFTER for Clock 'clock'
  Total number of paths / destination ports: 4 / 1
-------------------------------------------------------------------------
Offset:              3.592ns (Levels of Logic = 2)
  Source:            lat_count_1 (FF)
  Destination:       data_ready (PAD)
  Source Clock:      clock rising

  Data Path: lat_count_1 to data_ready
                                Gate     Net
    Cell:in->out      fanout   Delay   Delay  Logical Name (Net Name)
    ----------------------------------------  ------------
     FDR:C->Q              5   0.396   0.680  lat_count_1 (lat_count_1)
     LUT4:I0->O            1   0.086   0.286  new_lat_count_cmp_eq00001 (data_ready_OBUF)
     OBUF:I->O                 2.144          data_ready_OBUF (data_ready)
    ----------------------------------------
    Total                      3.592ns (2.626ns logic, 0.966ns route)
                                       (73.1% logic, 26.9% route)

=========================================================================


Total REAL time to Xst completion: 4.00 secs
Total CPU time to Xst completion: 3.82 secs
 
--> 

Total memory usage is 218560 kilobytes

Number of errors   :    0 (   0 filtered)
Number of warnings :    7 (   0 filtered)
Number of infos    :    1 (   0 filtered)

