Release 13.2 - ngc2edif O.61xd (nt64)
Copyright (c) 1995-2011 Xilinx, Inc.  All rights reserved.
Reading design micro.ngc ...
WARNING:NetListWriters:298 - No output is written to micro.xncf, ignored.
Processing design ...
   Preping design's networks ...
   Preping design's macros ...
  finished :Prep
Writing EDIF netlist file micro.edif ...
ngc2edif: Total memory usage is 69548 kilobytes

Release 13.2 - ngc2edif O.61xd (nt64)
Copyright (c) 1995-2011 Xilinx, Inc.  All rights reserved.
Reading design micro.ngc ...
WARNING:NetListWriters:298 - No output is written to micro.xncf, ignored.
Processing design ...
   Preping design's networks ...
   Preping design's macros ...
  finished :Prep
Writing EDIF netlist file micro.edif ...
ngc2edif: Total memory usage is 69548 kilobytes

